mode: set
github.com/Dimix-international/in_memory_db-GO/db/db.go:12.21,14.2 1 1
github.com/Dimix-international/in_memory_db-GO/db/db.go:16.45,22.2 4 1
github.com/Dimix-international/in_memory_db-GO/db/db.go:24.33,29.2 3 1
github.com/Dimix-international/in_memory_db-GO/db/db.go:31.42,36.2 3 1
github.com/Dimix-international/in_memory_db-GO/internal/config/config.go:50.31,52.22 2 1
github.com/Dimix-international/in_memory_db-GO/internal/config/config.go:52.22,53.32 1 1
github.com/Dimix-international/in_memory_db-GO/internal/config/config.go:56.2,56.33 1 0
github.com/Dimix-international/in_memory_db-GO/internal/config/config.go:59.31,65.22 4 1
github.com/Dimix-international/in_memory_db-GO/internal/config/config.go:65.22,68.3 2 1
github.com/Dimix-international/in_memory_db-GO/internal/config/config.go:70.2,70.19 1 0
github.com/Dimix-international/in_memory_db-GO/internal/config/config.go:73.46,74.47 1 1
github.com/Dimix-international/in_memory_db-GO/internal/config/config.go:74.47,75.53 1 1
github.com/Dimix-international/in_memory_db-GO/internal/config/config.go:78.2,80.17 2 1
github.com/Dimix-international/in_memory_db-GO/internal/config/config.go:80.17,81.63 1 1
github.com/Dimix-international/in_memory_db-GO/internal/config/config.go:81.63,82.47 1 0
github.com/Dimix-international/in_memory_db-GO/internal/config/config.go:85.2,85.13 1 1
github.com/Dimix-international/in_memory_db-GO/internal/tools/future.go:7.51,13.2 2 0
github.com/Dimix-international/in_memory_db-GO/internal/tools/future.go:15.36,17.2 1 0
github.com/Dimix-international/in_memory_db-GO/internal/tools/lock.go:5.49,6.19 1 0
github.com/Dimix-international/in_memory_db-GO/internal/tools/lock.go:6.19,8.3 1 0
github.com/Dimix-international/in_memory_db-GO/internal/tools/lock.go:10.2,12.16 3 0
github.com/Dimix-international/in_memory_db-GO/internal/tools/parseSize.go:9.42,10.54 1 1
github.com/Dimix-international/in_memory_db-GO/internal/tools/parseSize.go:10.54,12.3 1 1
github.com/Dimix-international/in_memory_db-GO/internal/tools/parseSize.go:14.2,16.62 3 1
github.com/Dimix-international/in_memory_db-GO/internal/tools/parseSize.go:16.62,20.3 3 1
github.com/Dimix-international/in_memory_db-GO/internal/tools/parseSize.go:22.2,23.19 2 1
github.com/Dimix-international/in_memory_db-GO/internal/tools/parseSize.go:24.24,25.25 1 1
github.com/Dimix-international/in_memory_db-GO/internal/tools/parseSize.go:26.24,27.25 1 1
github.com/Dimix-international/in_memory_db-GO/internal/tools/parseSize.go:28.24,29.25 1 1
github.com/Dimix-international/in_memory_db-GO/internal/tools/parseSize.go:30.20,31.19 1 1
github.com/Dimix-international/in_memory_db-GO/internal/tools/parseSize.go:32.10,33.41 1 0
github.com/Dimix-international/in_memory_db-GO/internal/tools/promiseWithFuture.go:10.28,14.2 1 0
github.com/Dimix-international/in_memory_db-GO/internal/tools/promiseWithFuture.go:16.39,18.2 1 0
github.com/Dimix-international/in_memory_db-GO/internal/tools/promiseWithFuture.go:20.42,21.61 1 0
github.com/Dimix-international/in_memory_db-GO/internal/tools/promiseWithFuture.go:21.61,24.3 2 0
github.com/Dimix-international/in_memory_db-GO/internal/tools/semaphore.go:11.50,18.2 2 0
github.com/Dimix-international/in_memory_db-GO/internal/tools/semaphore.go:20.31,24.27 3 0
github.com/Dimix-international/in_memory_db-GO/internal/tools/semaphore.go:24.27,26.3 1 0
github.com/Dimix-international/in_memory_db-GO/internal/tools/semaphore.go:28.2,28.11 1 0
github.com/Dimix-international/in_memory_db-GO/internal/tools/semaphore.go:31.31,37.2 4 0
github.com/Dimix-international/in_memory_db-GO/internal/tools/semaphore.go:39.50,40.19 1 0
github.com/Dimix-international/in_memory_db-GO/internal/tools/semaphore.go:40.19,42.3 1 0
github.com/Dimix-international/in_memory_db-GO/internal/tools/semaphore.go:43.2,45.13 3 0
github.com/Dimix-international/in_memory_db-GO/internal/service/analyzer.go:13.44,15.2 1 1
github.com/Dimix-international/in_memory_db-GO/internal/service/analyzer.go:18.74,19.22 1 1
github.com/Dimix-international/in_memory_db-GO/internal/service/analyzer.go:19.22,21.3 1 1
github.com/Dimix-international/in_memory_db-GO/internal/service/analyzer.go:23.2,25.9 2 1
github.com/Dimix-international/in_memory_db-GO/internal/service/analyzer.go:25.9,27.3 1 1
github.com/Dimix-international/in_memory_db-GO/internal/service/analyzer.go:29.2,29.39 1 1
github.com/Dimix-international/in_memory_db-GO/internal/service/analyzer.go:29.39,36.3 1 1
github.com/Dimix-international/in_memory_db-GO/internal/service/analyzer.go:38.2,38.69 1 1
github.com/Dimix-international/in_memory_db-GO/internal/service/id_generator.go:14.36,16.2 1 1
github.com/Dimix-international/in_memory_db-GO/internal/service/id_generator.go:18.54,19.17 1 1
github.com/Dimix-international/in_memory_db-GO/internal/service/id_generator.go:19.17,21.3 1 1
github.com/Dimix-international/in_memory_db-GO/internal/service/id_generator.go:24.40,26.44 2 1
github.com/Dimix-international/in_memory_db-GO/internal/service/id_generator.go:26.44,28.3 1 0
github.com/Dimix-international/in_memory_db-GO/internal/service/id_generator.go:30.2,30.16 1 1
github.com/Dimix-international/in_memory_db-GO/internal/service/parser.go:22.40,24.2 1 1
github.com/Dimix-international/in_memory_db-GO/internal/service/parser.go:27.63,33.23 4 1
github.com/Dimix-international/in_memory_db-GO/internal/service/parser.go:33.23,34.18 1 1
github.com/Dimix-international/in_memory_db-GO/internal/service/parser.go:35.19,36.46 1 1
github.com/Dimix-international/in_memory_db-GO/internal/service/parser.go:36.46,38.5 1 1
github.com/Dimix-international/in_memory_db-GO/internal/service/parser.go:39.4,40.38 2 1
github.com/Dimix-international/in_memory_db-GO/internal/service/parser.go:41.33,42.31 1 1
github.com/Dimix-international/in_memory_db-GO/internal/service/parser.go:42.31,46.10 4 1
github.com/Dimix-international/in_memory_db-GO/internal/service/parser.go:48.4,48.46 1 1
github.com/Dimix-international/in_memory_db-GO/internal/service/parser.go:48.46,50.5 1 1
github.com/Dimix-international/in_memory_db-GO/internal/service/parser.go:51.4,51.28 1 1
github.com/Dimix-international/in_memory_db-GO/internal/service/parser.go:52.24,53.31 1 1
github.com/Dimix-international/in_memory_db-GO/internal/service/parser.go:53.31,54.13 1 1
github.com/Dimix-international/in_memory_db-GO/internal/service/parser.go:56.4,56.46 1 1
github.com/Dimix-international/in_memory_db-GO/internal/service/parser.go:56.46,58.5 1 1
github.com/Dimix-international/in_memory_db-GO/internal/service/parser.go:60.4,61.38 2 1
github.com/Dimix-international/in_memory_db-GO/internal/service/parser.go:65.2,65.41 1 1
github.com/Dimix-international/in_memory_db-GO/internal/service/parser.go:65.41,67.3 1 1
github.com/Dimix-international/in_memory_db-GO/internal/service/parser.go:69.2,69.20 1 1
github.com/Dimix-international/in_memory_db-GO/internal/service/parser.go:72.38,74.2 1 1
github.com/Dimix-international/in_memory_db-GO/internal/service/parser.go:76.52,83.2 1 1
github.com/Dimix-international/in_memory_db-GO/internal/service/wal_builder.go:20.75,26.16 5 0
github.com/Dimix-international/in_memory_db-GO/internal/service/wal_builder.go:26.16,27.33 1 0
github.com/Dimix-international/in_memory_db-GO/internal/service/wal_builder.go:27.33,29.4 1 0
github.com/Dimix-international/in_memory_db-GO/internal/service/wal_builder.go:31.3,31.36 1 0
github.com/Dimix-international/in_memory_db-GO/internal/service/wal_builder.go:31.36,33.4 1 0
github.com/Dimix-international/in_memory_db-GO/internal/service/wal_builder.go:35.3,35.31 1 0
github.com/Dimix-international/in_memory_db-GO/internal/service/wal_builder.go:35.31,37.18 2 0
github.com/Dimix-international/in_memory_db-GO/internal/service/wal_builder.go:37.18,39.5 1 0
github.com/Dimix-international/in_memory_db-GO/internal/service/wal_builder.go:41.4,41.25 1 0
github.com/Dimix-international/in_memory_db-GO/internal/service/wal_builder.go:44.3,44.30 1 0
github.com/Dimix-international/in_memory_db-GO/internal/service/wal_builder.go:44.30,46.4 1 0
github.com/Dimix-international/in_memory_db-GO/internal/service/wal_builder.go:48.3,54.9 1 0
github.com/Dimix-international/in_memory_db-GO/internal/service/wal_builder.go:57.2,57.17 1 0
github.com/Dimix-international/in_memory_db-GO/internal/network/client.go:15.102,17.16 2 1
github.com/Dimix-international/in_memory_db-GO/internal/network/client.go:17.16,19.3 1 0
github.com/Dimix-international/in_memory_db-GO/internal/network/client.go:21.2,25.8 1 1
github.com/Dimix-international/in_memory_db-GO/internal/network/client.go:28.58,29.80 1 1
github.com/Dimix-international/in_memory_db-GO/internal/network/client.go:29.80,31.3 1 0
github.com/Dimix-international/in_memory_db-GO/internal/network/client.go:33.2,33.55 1 1
github.com/Dimix-international/in_memory_db-GO/internal/network/client.go:33.55,35.3 1 0
github.com/Dimix-international/in_memory_db-GO/internal/network/client.go:37.2,40.16 3 1
github.com/Dimix-international/in_memory_db-GO/internal/network/client.go:40.16,42.3 1 1
github.com/Dimix-international/in_memory_db-GO/internal/network/client.go:44.2,44.30 1 1
github.com/Dimix-international/in_memory_db-GO/internal/network/server.go:31.77,32.16 1 1
github.com/Dimix-international/in_memory_db-GO/internal/network/server.go:32.16,34.3 1 0
github.com/Dimix-international/in_memory_db-GO/internal/network/server.go:35.2,35.37 1 1
github.com/Dimix-international/in_memory_db-GO/internal/network/server.go:35.37,37.3 1 0
github.com/Dimix-international/in_memory_db-GO/internal/network/server.go:39.2,40.16 2 1
github.com/Dimix-international/in_memory_db-GO/internal/network/server.go:40.16,42.3 1 0
github.com/Dimix-international/in_memory_db-GO/internal/network/server.go:44.2,45.16 2 1
github.com/Dimix-international/in_memory_db-GO/internal/network/server.go:45.16,47.3 1 0
github.com/Dimix-international/in_memory_db-GO/internal/network/server.go:49.2,60.8 1 1
github.com/Dimix-international/in_memory_db-GO/internal/network/server.go:63.52,67.16 3 1
github.com/Dimix-international/in_memory_db-GO/internal/network/server.go:67.16,69.3 1 0
github.com/Dimix-international/in_memory_db-GO/internal/network/server.go:71.2,76.31 4 1
github.com/Dimix-international/in_memory_db-GO/internal/network/server.go:76.31,79.7 2 1
github.com/Dimix-international/in_memory_db-GO/internal/network/server.go:79.7,81.18 2 1
github.com/Dimix-international/in_memory_db-GO/internal/network/server.go:81.18,82.38 1 0
github.com/Dimix-international/in_memory_db-GO/internal/network/server.go:82.38,84.6 1 0
github.com/Dimix-international/in_memory_db-GO/internal/network/server.go:86.5,87.13 2 0
github.com/Dimix-international/in_memory_db-GO/internal/network/server.go:90.4,91.48 2 1
github.com/Dimix-international/in_memory_db-GO/internal/network/server.go:91.48,92.18 1 1
github.com/Dimix-international/in_memory_db-GO/internal/network/server.go:92.18,95.6 2 1
github.com/Dimix-international/in_memory_db-GO/internal/network/server.go:96.5,98.28 2 1
github.com/Dimix-international/in_memory_db-GO/internal/network/server.go:103.2,105.12 2 1
github.com/Dimix-international/in_memory_db-GO/internal/network/server.go:108.38,110.43 2 0
github.com/Dimix-international/in_memory_db-GO/internal/network/server.go:110.43,112.3 1 0
github.com/Dimix-international/in_memory_db-GO/internal/network/server.go:114.2,114.12 1 0
github.com/Dimix-international/in_memory_db-GO/internal/network/server.go:117.68,125.6 3 1
github.com/Dimix-international/in_memory_db-GO/internal/network/server.go:125.6,126.85 1 1
github.com/Dimix-international/in_memory_db-GO/internal/network/server.go:126.85,128.9 2 0
github.com/Dimix-international/in_memory_db-GO/internal/network/server.go:131.3,132.17 2 1
github.com/Dimix-international/in_memory_db-GO/internal/network/server.go:132.17,133.21 1 1
github.com/Dimix-international/in_memory_db-GO/internal/network/server.go:133.21,135.5 1 1
github.com/Dimix-international/in_memory_db-GO/internal/network/server.go:137.4,137.9 1 1
github.com/Dimix-international/in_memory_db-GO/internal/network/server.go:140.3,142.55 2 1
github.com/Dimix-international/in_memory_db-GO/internal/network/server.go:142.55,143.21 1 0
github.com/Dimix-international/in_memory_db-GO/internal/network/server.go:143.21,145.10 2 0
github.com/Dimix-international/in_memory_db-GO/internal/network/server.go:150.2,150.37 1 1
github.com/Dimix-international/in_memory_db-GO/internal/network/server.go:150.37,152.3 1 0
