mode: set
github.com/Dimix-international/in_memory_db-GO/db/db.go:17.33,20.29 2 1
github.com/Dimix-international/in_memory_db-GO/db/db.go:20.29,22.3 1 1
github.com/Dimix-international/in_memory_db-GO/db/db.go:24.2,24.30 1 1
github.com/Dimix-international/in_memory_db-GO/db/db.go:27.45,35.2 5 1
github.com/Dimix-international/in_memory_db-GO/db/db.go:37.33,44.2 4 1
github.com/Dimix-international/in_memory_db-GO/db/db.go:46.42,53.2 4 1
github.com/Dimix-international/in_memory_db-GO/db/db.go:55.42,60.35 4 1
github.com/Dimix-international/in_memory_db-GO/db/db.go:60.35,62.3 1 0
github.com/Dimix-international/in_memory_db-GO/db/db.go:64.2,64.31 1 1
github.com/Dimix-international/in_memory_db-GO/internal/service/analyzer.go:13.44,15.2 1 1
github.com/Dimix-international/in_memory_db-GO/internal/service/analyzer.go:18.74,19.22 1 1
github.com/Dimix-international/in_memory_db-GO/internal/service/analyzer.go:19.22,21.3 1 1
github.com/Dimix-international/in_memory_db-GO/internal/service/analyzer.go:23.2,25.9 2 1
github.com/Dimix-international/in_memory_db-GO/internal/service/analyzer.go:25.9,27.3 1 1
github.com/Dimix-international/in_memory_db-GO/internal/service/analyzer.go:29.2,29.39 1 1
github.com/Dimix-international/in_memory_db-GO/internal/service/analyzer.go:29.39,36.3 1 1
github.com/Dimix-international/in_memory_db-GO/internal/service/analyzer.go:38.2,38.69 1 1
github.com/Dimix-international/in_memory_db-GO/internal/service/parser.go:22.40,24.2 1 1
github.com/Dimix-international/in_memory_db-GO/internal/service/parser.go:27.63,33.23 4 1
github.com/Dimix-international/in_memory_db-GO/internal/service/parser.go:33.23,34.18 1 1
github.com/Dimix-international/in_memory_db-GO/internal/service/parser.go:35.19,36.46 1 1
github.com/Dimix-international/in_memory_db-GO/internal/service/parser.go:36.46,38.5 1 1
github.com/Dimix-international/in_memory_db-GO/internal/service/parser.go:39.4,40.38 2 1
github.com/Dimix-international/in_memory_db-GO/internal/service/parser.go:41.33,42.31 1 1
github.com/Dimix-international/in_memory_db-GO/internal/service/parser.go:42.31,46.10 4 1
github.com/Dimix-international/in_memory_db-GO/internal/service/parser.go:48.4,48.46 1 1
github.com/Dimix-international/in_memory_db-GO/internal/service/parser.go:48.46,50.5 1 1
github.com/Dimix-international/in_memory_db-GO/internal/service/parser.go:51.4,51.28 1 1
github.com/Dimix-international/in_memory_db-GO/internal/service/parser.go:52.24,53.31 1 1
github.com/Dimix-international/in_memory_db-GO/internal/service/parser.go:53.31,54.13 1 1
github.com/Dimix-international/in_memory_db-GO/internal/service/parser.go:56.4,56.46 1 1
github.com/Dimix-international/in_memory_db-GO/internal/service/parser.go:56.46,58.5 1 1
github.com/Dimix-international/in_memory_db-GO/internal/service/parser.go:60.4,61.38 2 1
github.com/Dimix-international/in_memory_db-GO/internal/service/parser.go:65.2,65.41 1 1
github.com/Dimix-international/in_memory_db-GO/internal/service/parser.go:65.41,67.3 1 1
github.com/Dimix-international/in_memory_db-GO/internal/service/parser.go:69.2,69.20 1 1
github.com/Dimix-international/in_memory_db-GO/internal/service/parser.go:72.38,74.2 1 1
github.com/Dimix-international/in_memory_db-GO/internal/service/parser.go:76.52,83.2 1 1
github.com/Dimix-international/in_memory_db-GO/internal/config/config.go:42.31,44.22 2 1
github.com/Dimix-international/in_memory_db-GO/internal/config/config.go:44.22,45.32 1 1
github.com/Dimix-international/in_memory_db-GO/internal/config/config.go:48.2,48.33 1 0
github.com/Dimix-international/in_memory_db-GO/internal/config/config.go:51.31,57.22 4 1
github.com/Dimix-international/in_memory_db-GO/internal/config/config.go:57.22,60.3 2 1
github.com/Dimix-international/in_memory_db-GO/internal/config/config.go:62.2,62.19 1 0
github.com/Dimix-international/in_memory_db-GO/internal/config/config.go:65.46,66.47 1 1
github.com/Dimix-international/in_memory_db-GO/internal/config/config.go:66.47,67.53 1 1
github.com/Dimix-international/in_memory_db-GO/internal/config/config.go:70.2,72.17 2 1
github.com/Dimix-international/in_memory_db-GO/internal/config/config.go:72.17,73.63 1 1
github.com/Dimix-international/in_memory_db-GO/internal/config/config.go:73.63,74.47 1 0
github.com/Dimix-international/in_memory_db-GO/internal/config/config.go:77.2,77.13 1 1
github.com/Dimix-international/in_memory_db-GO/internal/network/client.go:15.102,17.16 2 1
github.com/Dimix-international/in_memory_db-GO/internal/network/client.go:17.16,19.3 1 0
github.com/Dimix-international/in_memory_db-GO/internal/network/client.go:21.2,25.8 1 1
github.com/Dimix-international/in_memory_db-GO/internal/network/client.go:28.58,29.80 1 1
github.com/Dimix-international/in_memory_db-GO/internal/network/client.go:29.80,31.3 1 0
github.com/Dimix-international/in_memory_db-GO/internal/network/client.go:33.2,33.55 1 1
github.com/Dimix-international/in_memory_db-GO/internal/network/client.go:33.55,35.3 1 0
github.com/Dimix-international/in_memory_db-GO/internal/network/client.go:37.2,40.16 3 1
github.com/Dimix-international/in_memory_db-GO/internal/network/client.go:40.16,42.3 1 1
github.com/Dimix-international/in_memory_db-GO/internal/network/client.go:44.2,44.30 1 1
github.com/Dimix-international/in_memory_db-GO/internal/network/server.go:32.84,33.16 1 1
github.com/Dimix-international/in_memory_db-GO/internal/network/server.go:33.16,35.3 1 0
github.com/Dimix-international/in_memory_db-GO/internal/network/server.go:36.2,36.29 1 1
github.com/Dimix-international/in_memory_db-GO/internal/network/server.go:36.29,38.3 1 0
github.com/Dimix-international/in_memory_db-GO/internal/network/server.go:40.2,41.16 2 1
github.com/Dimix-international/in_memory_db-GO/internal/network/server.go:41.16,43.3 1 0
github.com/Dimix-international/in_memory_db-GO/internal/network/server.go:45.2,50.8 1 1
github.com/Dimix-international/in_memory_db-GO/internal/network/server.go:53.33,55.16 2 1
github.com/Dimix-international/in_memory_db-GO/internal/network/server.go:55.16,57.3 1 0
github.com/Dimix-international/in_memory_db-GO/internal/network/server.go:59.2,62.12 3 1
github.com/Dimix-international/in_memory_db-GO/internal/network/server.go:62.12,65.7 2 1
github.com/Dimix-international/in_memory_db-GO/internal/network/server.go:65.7,67.18 2 1
github.com/Dimix-international/in_memory_db-GO/internal/network/server.go:67.18,68.38 1 0
github.com/Dimix-international/in_memory_db-GO/internal/network/server.go:68.38,70.6 1 0
github.com/Dimix-international/in_memory_db-GO/internal/network/server.go:72.5,73.13 2 0
github.com/Dimix-international/in_memory_db-GO/internal/network/server.go:76.4,76.27 1 1
github.com/Dimix-international/in_memory_db-GO/internal/network/server.go:76.27,81.5 3 1
github.com/Dimix-international/in_memory_db-GO/internal/network/server.go:85.2,87.41 2 1
github.com/Dimix-international/in_memory_db-GO/internal/network/server.go:87.41,89.3 1 0
github.com/Dimix-international/in_memory_db-GO/internal/network/server.go:91.2,91.12 1 0
github.com/Dimix-international/in_memory_db-GO/internal/network/server.go:94.47,98.6 3 1
github.com/Dimix-international/in_memory_db-GO/internal/network/server.go:98.6,99.77 1 1
github.com/Dimix-international/in_memory_db-GO/internal/network/server.go:99.77,101.9 2 0
github.com/Dimix-international/in_memory_db-GO/internal/network/server.go:104.3,105.17 2 1
github.com/Dimix-international/in_memory_db-GO/internal/network/server.go:105.17,106.21 1 1
github.com/Dimix-international/in_memory_db-GO/internal/network/server.go:106.21,108.5 1 1
github.com/Dimix-international/in_memory_db-GO/internal/network/server.go:110.4,110.9 1 1
github.com/Dimix-international/in_memory_db-GO/internal/network/server.go:113.3,115.55 2 1
github.com/Dimix-international/in_memory_db-GO/internal/network/server.go:115.55,116.21 1 0
github.com/Dimix-international/in_memory_db-GO/internal/network/server.go:116.21,118.10 2 0
github.com/Dimix-international/in_memory_db-GO/internal/network/server.go:123.2,123.37 1 1
github.com/Dimix-international/in_memory_db-GO/internal/network/server.go:123.37,125.3 1 0
